=/pretest.json
{
  _: [],
  f: [
    '/home/runner/work/exp-hall-voltage-and-hall-coefficient-in-hall-effect-set-up-iitb/exp-hall-voltage-and-hall-coefficient-in-hall-effect-set-up-iitb/experiment/pretest.json'
  ],
  files: [
    '/home/runner/work/exp-hall-voltage-and-hall-coefficient-in-hall-effect-set-up-iitb/exp-hall-voltage-and-hall-coefficient-in-hall-effect-set-up-iitb/experiment/pretest.json'
  ],
  c: 'assessment',
  contentTypes: 'assessment',
  'content-types': 'assessment',
  '$0': 'validate'
}
Validated true
=/posttest.json
{
  _: [],
  f: [
    '/home/runner/work/exp-hall-voltage-and-hall-coefficient-in-hall-effect-set-up-iitb/exp-hall-voltage-and-hall-coefficient-in-hall-effect-set-up-iitb/experiment/posttest.json'
  ],
  files: [
    '/home/runner/work/exp-hall-voltage-and-hall-coefficient-in-hall-effect-set-up-iitb/exp-hall-voltage-and-hall-coefficient-in-hall-effect-set-up-iitb/experiment/posttest.json'
  ],
  c: 'assessment',
  contentTypes: 'assessment',
  'content-types': 'assessment',
  '$0': 'validate'
}
Validated true
